<?xml version="1.0" encoding="UTF-8"?>
<testng-results ignored="0" total="1" passed="1" failed="0" skipped="0">
  <reporter-output>
  </reporter-output>
  <suite started-at="2018-08-25T00:20:26Z" name="Suite1" finished-at="2018-08-25T00:20:35Z" duration-ms="9173">
    <groups>
    </groups>
    <test started-at="2018-08-25T00:20:26Z" name="test1" finished-at="2018-08-25T00:20:35Z" duration-ms="9173">
      <class name="Sample_Selenium_Project.Test1.TestOne">
        <test-method is-config="true" signature="beforeTest()[pri:0, instance:Sample_Selenium_Project.Test1.TestOne@6aaceffd]" started-at="2018-08-25T00:20:26Z" name="beforeTest" finished-at="2018-08-25T00:20:30Z" duration-ms="4095" status="PASS">
          <reporter-output>
          </reporter-output>
        </test-method> <!-- beforeTest -->
        <test-method signature="testOne()[pri:0, instance:Sample_Selenium_Project.Test1.TestOne@6aaceffd]" started-at="2018-08-25T00:20:30Z" name="testOne" finished-at="2018-08-25T00:20:35Z" duration-ms="5018" status="PASS">
          <reporter-output>
          </reporter-output>
        </test-method> <!-- testOne -->
      </class> <!-- Sample_Selenium_Project.Test1.TestOne -->
    </test> <!-- test1 -->
  </suite> <!-- Suite1 -->
</testng-results>
